[roslaunch][INFO] 2017-03-23 16:59:03,188: Checking log directory for disk usage. This may take awhile.
Press Ctrl-C to interrupt
[roslaunch][INFO] 2017-03-23 16:59:03,193: Done checking log file disk usage. Usage is <1GB.
[roslaunch][INFO] 2017-03-23 16:59:03,193: roslaunch starting with args ['roscore', '--core']
[roslaunch][INFO] 2017-03-23 16:59:03,193: roslaunch env is {'LC_NUMERIC': 'zh_CN.UTF-8', 'MANDATORY_PATH': '/usr/share/gconf/ubuntu.mandatory.path', 'ROS_DISTRO': 'indigo', 'ROS_LOG_FILENAME': '/home/bulldog/.ros/log/f67064cc-0fa6-11e7-ac96-f44d3066af5b/roslaunch-BD17011-14441.log', 'XDG_GREETER_DATA_DIR': '/var/lib/lightdm-data/bulldog', 'GNOME_DESKTOP_SESSION_ID': 'this-is-deprecated', 'PKG_CONFIG_PATH': '/opt/ros/indigo/lib/pkgconfig', 'UPSTART_EVENTS': 'started starting', 'LESSOPEN': '| /usr/bin/lesspipe %s', 'XDG_VTNR': '7', 'ROSLISP_PACKAGE_DIRECTORIES': '', 'CPATH': '/opt/ros/indigo/include', 'LOGNAME': 'bulldog', 'USER': 'bulldog', 'PATH': '/opt/ros/indigo/bin:/usr/local/sbin:/usr/local/bin:/usr/sbin:/usr/bin:/sbin:/bin:/usr/games:/usr/local/games', 'LC_PAPER': 'zh_CN.UTF-8', 'GNOME_KEYRING_CONTROL': '/run/user/1000/keyring-gJpTzw', 'CMAKE_PREFIX_PATH': '/opt/ros/indigo', 'LD_LIBRARY_PATH': '/opt/ros/indigo/lib', 'LANG': 'en_US.UTF-8', 'TERM': 'xterm', 'SHELL': '/bin/bash', 'XDG_SESSION_PATH': '/org/freedesktop/DisplayManager/Session0', 'XAUTHORITY': '/home/bulldog/.Xauthority', 'LANGUAGE': 'en_US', 'COMPIZ_CONFIG_PROFILE': 'ubuntu', 'LC_MONETARY': 'zh_CN.UTF-8', 'LESSCLOSE': '/usr/bin/lesspipe %s %s', 'GTK_IM_MODULE': 'ibus', 'QT_QPA_PLATFORMTHEME': 'appmenu-qt5', 'JOB': 'gnome-session', 'TEXTDOMAIN': 'im-config', 'UPSTART_INSTANCE': '', 'CLUTTER_IM_MODULE': 'xim', 'WINDOWID': '54525964', 'SESSIONTYPE': 'gnome-session', 'XMODIFIERS': '@im=ibus', 'ROS_ETC_DIR': '/opt/ros/indigo/etc/ros', 'GPG_AGENT_INFO': '/run/user/1000/keyring-gJpTzw/gpg:0:1', 'HOME': '/home/bulldog', 'QT4_IM_MODULE': 'xim', 'SELINUX_INIT': 'YES', 'SHLVL': '1', 'XDG_RUNTIME_DIR': '/run/user/1000', 'INSTANCE': 'Unity', 'LC_ADDRESS': 'zh_CN.UTF-8', 'PYTHONPATH': '/opt/ros/indigo/lib/python2.7/dist-packages', 'SSH_AUTH_SOCK': '/run/user/1000/keyring-gJpTzw/ssh', 'VTE_VERSION': '3409', 'ROS_ROOT': '/opt/ros/indigo/share/ros', 'GDMSESSION': 'ubuntu', 'IM_CONFIG_PHASE': '1', 'UPSTART_JOB': 'unity-settings-daemon', 'TEXTDOMAINDIR': '/usr/share/locale/', 'GNOME_KEYRING_PID': '1514', 'XDG_SEAT_PATH': '/org/freedesktop/DisplayManager/Seat0', 'ROS_PACKAGE_PATH': '/opt/ros/indigo/share:/opt/ros/indigo/stacks', 'XDG_CURRENT_DESKTOP': 'Unity', 'XDG_SESSION_ID': 'c2', 'DBUS_SESSION_BUS_ADDRESS': 'unix:abstract=/tmp/dbus-DyUG3KWlpY', '_': '/opt/ros/indigo/bin/roscore', 'DEFAULTS_PATH': '/usr/share/gconf/ubuntu.default.path', 'LC_IDENTIFICATION': 'zh_CN.UTF-8', 'DESKTOP_SESSION': 'ubuntu', 'UPSTART_SESSION': 'unix:abstract=/com/ubuntu/upstart-session/1000/1516', 'XDG_CONFIG_DIRS': '/etc/xdg/xdg-ubuntu:/usr/share/upstart/xdg:/etc/xdg', 'GTK_MODULES': 'overlay-scrollbar:unity-gtk-module', 'LC_NAME': 'zh_CN.UTF-8', 'GDM_LANG': 'en_US', 'LC_TELEPHONE': 'zh_CN.UTF-8', 'LC_MEASUREMENT': 'zh_CN.UTF-8', 'PWD': '/home/bulldog', 'QT_IM_MODULE': 'ibus', 'ROS_MASTER_URI': 'http://localhost:11311', 'COLORTERM': 'gnome-terminal', 'DISPLAY': ':0', 'LC_TIME': 'zh_CN.UTF-8', 'LS_COLORS': 'rs=0:di=01;34:ln=01;36:mh=00:pi=40;33:so=01;35:do=01;35:bd=40;33;01:cd=40;33;01:or=40;31;01:su=37;41:sg=30;43:ca=30;41:tw=30;42:ow=34;42:st=37;44:ex=01;32:*.tar=01;31:*.tgz=01;31:*.arj=01;31:*.taz=01;31:*.lzh=01;31:*.lzma=01;31:*.tlz=01;31:*.txz=01;31:*.zip=01;31:*.z=01;31:*.Z=01;31:*.dz=01;31:*.gz=01;31:*.lz=01;31:*.xz=01;31:*.bz2=01;31:*.bz=01;31:*.tbz=01;31:*.tbz2=01;31:*.tz=01;31:*.deb=01;31:*.rpm=01;31:*.jar=01;31:*.war=01;31:*.ear=01;31:*.sar=01;31:*.rar=01;31:*.ace=01;31:*.zoo=01;31:*.cpio=01;31:*.7z=01;31:*.rz=01;31:*.jpg=01;35:*.jpeg=01;35:*.gif=01;35:*.bmp=01;35:*.pbm=01;35:*.pgm=01;35:*.ppm=01;35:*.tga=01;35:*.xbm=01;35:*.xpm=01;35:*.tif=01;35:*.tiff=01;35:*.png=01;35:*.svg=01;35:*.svgz=01;35:*.mng=01;35:*.pcx=01;35:*.mov=01;35:*.mpg=01;35:*.mpeg=01;35:*.m2v=01;35:*.mkv=01;35:*.webm=01;35:*.ogm=01;35:*.mp4=01;35:*.m4v=01;35:*.mp4v=01;35:*.vob=01;35:*.qt=01;35:*.nuv=01;35:*.wmv=01;35:*.asf=01;35:*.rm=01;35:*.rmvb=01;35:*.flc=01;35:*.avi=01;35:*.fli=01;35:*.flv=01;35:*.gl=01;35:*.dl=01;35:*.xcf=01;35:*.xwd=01;35:*.yuv=01;35:*.cgm=01;35:*.emf=01;35:*.axv=01;35:*.anx=01;35:*.ogv=01;35:*.ogx=01;35:*.aac=00;36:*.au=00;36:*.flac=00;36:*.mid=00;36:*.midi=00;36:*.mka=00;36:*.mp3=00;36:*.mpc=00;36:*.ogg=00;36:*.ra=00;36:*.wav=00;36:*.axa=00;36:*.oga=00;36:*.spx=00;36:*.xspf=00;36:', 'XDG_DATA_DIRS': '/usr/share/ubuntu:/usr/share/gnome:/usr/local/share/:/usr/share/', 'XDG_SEAT': 'seat0'}
[roslaunch][INFO] 2017-03-23 16:59:03,193: starting in server mode
[roslaunch.parent][INFO] 2017-03-23 16:59:03,193: starting roslaunch parent run
[roslaunch][INFO] 2017-03-23 16:59:03,193: loading roscore config file /opt/ros/indigo/etc/ros/roscore.xml
[roslaunch][INFO] 2017-03-23 16:59:03,260: Added core node of type [rosout/rosout] in namespace [/]
[roslaunch.pmon][INFO] 2017-03-23 16:59:03,261: start_process_monitor: creating ProcessMonitor
[roslaunch.pmon][INFO] 2017-03-23 16:59:03,261: created process monitor <ProcessMonitor(ProcessMonitor-1, initial daemon)>
[roslaunch.pmon][INFO] 2017-03-23 16:59:03,261: start_process_monitor: ProcessMonitor started
[roslaunch.parent][INFO] 2017-03-23 16:59:03,261: starting parent XML-RPC server
[roslaunch.server][INFO] 2017-03-23 16:59:03,261: starting roslaunch XML-RPC server
[roslaunch.server][INFO] 2017-03-23 16:59:03,261: waiting for roslaunch XML-RPC server to initialize
[xmlrpc][INFO] 2017-03-23 16:59:03,261: XML-RPC server binding to 0.0.0.0:0
[xmlrpc][INFO] 2017-03-23 16:59:03,262: Started XML-RPC server [http://BD17011:42045/]
[xmlrpc][INFO] 2017-03-23 16:59:03,262: xml rpc node: starting XML-RPC server
[roslaunch][INFO] 2017-03-23 16:59:03,274: started roslaunch server http://BD17011:42045/
[roslaunch.parent][INFO] 2017-03-23 16:59:03,274: ... parent XML-RPC server started
[roslaunch][INFO] 2017-03-23 16:59:03,274: master.is_running[http://BD17011:11311/]
[roslaunch][INFO] 2017-03-23 16:59:03,275: auto-starting new master
[roslaunch][INFO] 2017-03-23 16:59:03,275: create_master_process: rosmaster, /opt/ros/indigo/share/ros, 11311, 3, None
[roslaunch][INFO] 2017-03-23 16:59:03,275: process[master]: launching with args [['rosmaster', '--core', '-p', '11311', '-w', '3']]
[roslaunch.pmon][INFO] 2017-03-23 16:59:03,275: ProcessMonitor.register[master]
[roslaunch.pmon][INFO] 2017-03-23 16:59:03,275: ProcessMonitor.register[master] complete
[roslaunch][INFO] 2017-03-23 16:59:03,275: process[master]: starting os process
[roslaunch][INFO] 2017-03-23 16:59:03,275: process[master]: start w/ args [['rosmaster', '--core', '-p', '11311', '-w', '3', '__log:=/home/bulldog/.ros/log/f67064cc-0fa6-11e7-ac96-f44d3066af5b/master.log']]
[roslaunch][INFO] 2017-03-23 16:59:03,275: process[master]: cwd will be [/home/bulldog/.ros]
[roslaunch][INFO] 2017-03-23 16:59:03,277: process[master]: started with pid [14453]
[roslaunch][INFO] 2017-03-23 16:59:03,278: master.is_running[http://BD17011:11311/]
[roslaunch][INFO] 2017-03-23 16:59:03,378: master.is_running[http://BD17011:11311/]
[roslaunch][INFO] 2017-03-23 16:59:03,379: master.is_running[http://BD17011:11311/]
[roslaunch][INFO] 2017-03-23 16:59:03,380: ROS_MASTER_URI=http://BD17011:11311/
[roslaunch][INFO] 2017-03-23 16:59:03,381: setting /run_id to f67064cc-0fa6-11e7-ac96-f44d3066af5b
[roslaunch][INFO] 2017-03-23 16:59:03,382: setting /roslaunch/uris/host_bd17011__42045' to http://BD17011:42045/
[roslaunch][INFO] 2017-03-23 16:59:03,383: ... preparing to launch node of type [rosout/rosout]
[roslaunch][INFO] 2017-03-23 16:59:03,383: create_node_process: package[rosout] type[rosout] machine[Machine(name[] env_loader[None] address[localhost] ssh_port[22] user[None] assignable[True] timeout[10.0])] master_uri[http://BD17011:11311/]
[roslaunch][INFO] 2017-03-23 16:59:03,383: process[rosout-1]: env[{'LC_NUMERIC': 'zh_CN.UTF-8', 'WINDOWID': '54525964', 'QT_QPA_PLATFORMTHEME': 'appmenu-qt5', 'ROS_DISTRO': 'indigo', 'XDG_GREETER_DATA_DIR': '/var/lib/lightdm-data/bulldog', 'GNOME_DESKTOP_SESSION_ID': 'this-is-deprecated', 'LC_MEASUREMENT': 'zh_CN.UTF-8', 'DISPLAY': ':0', 'UPSTART_EVENTS': 'started starting', 'LESSOPEN': '| /usr/bin/lesspipe %s', 'LC_PAPER': 'zh_CN.UTF-8', 'ROSLISP_PACKAGE_DIRECTORIES': '', 'CPATH': '/opt/ros/indigo/include', 'LOGNAME': 'bulldog', 'USER': 'bulldog', 'PATH': '/opt/ros/indigo/bin:/usr/local/sbin:/usr/local/bin:/usr/sbin:/usr/bin:/sbin:/bin:/usr/games:/usr/local/games', 'XDG_VTNR': '7', 'GNOME_KEYRING_CONTROL': '/run/user/1000/keyring-gJpTzw', 'CMAKE_PREFIX_PATH': '/opt/ros/indigo', 'LD_LIBRARY_PATH': '/opt/ros/indigo/lib', 'LANG': 'en_US.UTF-8', 'TERM': 'xterm', 'SHELL': '/bin/bash', 'XDG_SESSION_PATH': '/org/freedesktop/DisplayManager/Session0', 'XAUTHORITY': '/home/bulldog/.Xauthority', 'LANGUAGE': 'en_US', 'INSTANCE': 'Unity', 'LC_MONETARY': 'zh_CN.UTF-8', 'XDG_SESSION_ID': 'c2', 'MANDATORY_PATH': '/usr/share/gconf/ubuntu.mandatory.path', 'JOB': 'gnome-session', 'ROS_LOG_FILENAME': '/home/bulldog/.ros/log/f67064cc-0fa6-11e7-ac96-f44d3066af5b/roslaunch-BD17011-14441.log', 'UPSTART_INSTANCE': '', 'COMPIZ_CONFIG_PROFILE': 'ubuntu', 'TEXTDOMAIN': 'im-config', 'CLUTTER_IM_MODULE': 'xim', 'XMODIFIERS': '@im=ibus', 'ROS_MASTER_URI': 'http://BD17011:11311/', 'GPG_AGENT_INFO': '/run/user/1000/keyring-gJpTzw/gpg:0:1', 'HOME': '/home/bulldog', 'QT4_IM_MODULE': 'xim', 'SELINUX_INIT': 'YES', 'SSH_AUTH_SOCK': '/run/user/1000/keyring-gJpTzw/ssh', 'XDG_RUNTIME_DIR': '/run/user/1000', 'LC_IDENTIFICATION': 'zh_CN.UTF-8', 'LC_ADDRESS': 'zh_CN.UTF-8', 'PYTHONPATH': '/opt/ros/indigo/lib/python2.7/dist-packages', 'SESSIONTYPE': 'gnome-session', 'VTE_VERSION': '3409', 'ROS_ROOT': '/opt/ros/indigo/share/ros', 'GDMSESSION': 'ubuntu', 'IM_CONFIG_PHASE': '1', 'UPSTART_JOB': 'unity-settings-daemon', 'TEXTDOMAINDIR': '/usr/share/locale/', 'XDG_DATA_DIRS': '/usr/share/ubuntu:/usr/share/gnome:/usr/local/share/:/usr/share/', 'PKG_CONFIG_PATH': '/opt/ros/indigo/lib/pkgconfig', 'ROS_PACKAGE_PATH': '/opt/ros/indigo/share:/opt/ros/indigo/stacks', 'XDG_CURRENT_DESKTOP': 'Unity', 'XDG_SEAT_PATH': '/org/freedesktop/DisplayManager/Seat0', 'DBUS_SESSION_BUS_ADDRESS': 'unix:abstract=/tmp/dbus-DyUG3KWlpY', '_': '/opt/ros/indigo/bin/roscore', 'DEFAULTS_PATH': '/usr/share/gconf/ubuntu.default.path', 'GTK_IM_MODULE': 'ibus', 'DESKTOP_SESSION': 'ubuntu', 'UPSTART_SESSION': 'unix:abstract=/com/ubuntu/upstart-session/1000/1516', 'LESSCLOSE': '/usr/bin/lesspipe %s %s', 'GNOME_KEYRING_PID': '1514', 'LS_COLORS': 'rs=0:di=01;34:ln=01;36:mh=00:pi=40;33:so=01;35:do=01;35:bd=40;33;01:cd=40;33;01:or=40;31;01:su=37;41:sg=30;43:ca=30;41:tw=30;42:ow=34;42:st=37;44:ex=01;32:*.tar=01;31:*.tgz=01;31:*.arj=01;31:*.taz=01;31:*.lzh=01;31:*.lzma=01;31:*.tlz=01;31:*.txz=01;31:*.zip=01;31:*.z=01;31:*.Z=01;31:*.dz=01;31:*.gz=01;31:*.lz=01;31:*.xz=01;31:*.bz2=01;31:*.bz=01;31:*.tbz=01;31:*.tbz2=01;31:*.tz=01;31:*.deb=01;31:*.rpm=01;31:*.jar=01;31:*.war=01;31:*.ear=01;31:*.sar=01;31:*.rar=01;31:*.ace=01;31:*.zoo=01;31:*.cpio=01;31:*.7z=01;31:*.rz=01;31:*.jpg=01;35:*.jpeg=01;35:*.gif=01;35:*.bmp=01;35:*.pbm=01;35:*.pgm=01;35:*.ppm=01;35:*.tga=01;35:*.xbm=01;35:*.xpm=01;35:*.tif=01;35:*.tiff=01;35:*.png=01;35:*.svg=01;35:*.svgz=01;35:*.mng=01;35:*.pcx=01;35:*.mov=01;35:*.mpg=01;35:*.mpeg=01;35:*.m2v=01;35:*.mkv=01;35:*.webm=01;35:*.ogm=01;35:*.mp4=01;35:*.m4v=01;35:*.mp4v=01;35:*.vob=01;35:*.qt=01;35:*.nuv=01;35:*.wmv=01;35:*.asf=01;35:*.rm=01;35:*.rmvb=01;35:*.flc=01;35:*.avi=01;35:*.fli=01;35:*.flv=01;35:*.gl=01;35:*.dl=01;35:*.xcf=01;35:*.xwd=01;35:*.yuv=01;35:*.cgm=01;35:*.emf=01;35:*.axv=01;35:*.anx=01;35:*.ogv=01;35:*.ogx=01;35:*.aac=00;36:*.au=00;36:*.flac=00;36:*.mid=00;36:*.midi=00;36:*.mka=00;36:*.mp3=00;36:*.mpc=00;36:*.ogg=00;36:*.ra=00;36:*.wav=00;36:*.axa=00;36:*.oga=00;36:*.spx=00;36:*.xspf=00;36:', 'GDM_LANG': 'en_US', 'LC_TELEPHONE': 'zh_CN.UTF-8', 'GTK_MODULES': 'overlay-scrollbar:unity-gtk-module', 'SHLVL': '1', 'PWD': '/home/bulldog', 'QT_IM_MODULE': 'ibus', 'ROS_ETC_DIR': '/opt/ros/indigo/etc/ros', 'COLORTERM': 'gnome-terminal', 'LC_NAME': 'zh_CN.UTF-8', 'LC_TIME': 'zh_CN.UTF-8', 'XDG_CONFIG_DIRS': '/etc/xdg/xdg-ubuntu:/usr/share/upstart/xdg:/etc/xdg', 'XDG_SEAT': 'seat0'}]
[roslaunch][INFO] 2017-03-23 16:59:03,402: process[rosout-1]: args[[u'/opt/ros/indigo/lib/rosout/rosout', u'__name:=rosout']]
[roslaunch][INFO] 2017-03-23 16:59:03,402: ... created process [rosout-1]
[roslaunch.pmon][INFO] 2017-03-23 16:59:03,402: ProcessMonitor.register[rosout-1]
[roslaunch.pmon][INFO] 2017-03-23 16:59:03,402: ProcessMonitor.register[rosout-1] complete
[roslaunch][INFO] 2017-03-23 16:59:03,402: ... registered process [rosout-1]
[roslaunch][INFO] 2017-03-23 16:59:03,402: process[rosout-1]: starting os process
[roslaunch][INFO] 2017-03-23 16:59:03,402: process[rosout-1]: start w/ args [[u'/opt/ros/indigo/lib/rosout/rosout', u'__name:=rosout', u'__log:=/home/bulldog/.ros/log/f67064cc-0fa6-11e7-ac96-f44d3066af5b/rosout-1.log']]
[roslaunch][INFO] 2017-03-23 16:59:03,402: process[rosout-1]: cwd will be [/home/bulldog/.ros]
[roslaunch][INFO] 2017-03-23 16:59:03,404: process[rosout-1]: started with pid [14466]
[roslaunch][INFO] 2017-03-23 16:59:03,405: ... successfully launched [rosout-1]
[roslaunch][INFO] 2017-03-23 16:59:03,405: load_parameters starting ...
[roslaunch][INFO] 2017-03-23 16:59:03,407: ... load_parameters complete
[roslaunch][INFO] 2017-03-23 16:59:03,408: launch_nodes: launching local nodes ...
[roslaunch][INFO] 2017-03-23 16:59:03,408: ... launch_nodes complete
[roslaunch.pmon][INFO] 2017-03-23 16:59:03,408: registrations completed <ProcessMonitor(ProcessMonitor-1, started daemon 140676164978432)>
[roslaunch.parent][INFO] 2017-03-23 16:59:03,408: ... roslaunch parent running, waiting for process exit
[roslaunch][INFO] 2017-03-23 16:59:03,408: spin
[roslaunch.pmon][INFO] 2017-03-23 16:59:04,876: ProcessMonitor.shutdown <ProcessMonitor(ProcessMonitor-1, started daemon 140676164978432)>
[roslaunch.pmon][INFO] 2017-03-23 16:59:04,964: ProcessMonitor._post_run <ProcessMonitor(ProcessMonitor-1, started daemon 140676164978432)>
[roslaunch.pmon][INFO] 2017-03-23 16:59:04,964: ProcessMonitor._post_run <ProcessMonitor(ProcessMonitor-1, started daemon 140676164978432)>: remaining procs are [<roslaunch.nodeprocess.LocalProcess object at 0x7ff1b8de3bd0>, <roslaunch.nodeprocess.LocalProcess object at 0x7ff1b8d8d390>]
[roslaunch.pmon][INFO] 2017-03-23 16:59:04,965: ProcessMonitor exit: killing rosout-1
[roslaunch][INFO] 2017-03-23 16:59:04,966: [rosout-1] killing on exit
[roslaunch][INFO] 2017-03-23 16:59:04,966: process[rosout-1]: killing os process with pid[14466] pgid[14466]
[roslaunch][INFO] 2017-03-23 16:59:04,966: [rosout-1] sending SIGINT to pgid [14466]
[roslaunch][INFO] 2017-03-23 16:59:04,966: [rosout-1] sent SIGINT to pgid [14466]
[roslaunch][INFO] 2017-03-23 16:59:05,166: process[rosout-1]: SIGINT killed with return value 0
[roslaunch.pmon][INFO] 2017-03-23 16:59:05,166: ProcessMonitor exit: killing master
[roslaunch][INFO] 2017-03-23 16:59:05,167: [master] killing on exit
[roslaunch][INFO] 2017-03-23 16:59:05,167: process[master]: killing os process with pid[14453] pgid[14453]
[roslaunch][INFO] 2017-03-23 16:59:05,167: [master] sending SIGINT to pgid [14453]
[roslaunch][INFO] 2017-03-23 16:59:05,167: [master] sent SIGINT to pgid [14453]
[roslaunch][INFO] 2017-03-23 16:59:05,367: process[master]: SIGINT killed with return value 0
[roslaunch.pmon][INFO] 2017-03-23 16:59:05,367: ProcessMonitor exit: cleaning up data structures and signals
[roslaunch.pmon][INFO] 2017-03-23 16:59:05,367: ProcessMonitor exit: pmon has shutdown
[roslaunch][INFO] 2017-03-23 16:59:05,391: process monitor is done spinning, initiating full shutdown
[roslaunch][INFO] 2017-03-23 16:59:05,391: runner.stop()
[roslaunch][INFO] 2017-03-23 16:59:05,391: shutting down processing monitor...
[roslaunch][INFO] 2017-03-23 16:59:05,391: shutting down processing monitor <ProcessMonitor(ProcessMonitor-1, stopped daemon 140676164978432)>
[roslaunch.pmon][INFO] 2017-03-23 16:59:05,391: ProcessMonitor.shutdown <ProcessMonitor(ProcessMonitor-1, stopped daemon 140676164978432)>
[roslaunch][INFO] 2017-03-23 16:59:05,391: ... shutting down processing monitor complete
[roslaunch][INFO] 2017-03-23 16:59:05,391: done
[roslaunch.pmon][INFO] 2017-03-23 16:59:05,391: ProcessMonitor.shutdown <ProcessMonitor(ProcessMonitor-1, stopped daemon 140676164978432)>
[rospy.core][INFO] 2017-03-23 16:59:05,391: signal_shutdown [atexit]
